<?xml version="1.0" encoding="UTF-8"?>
<testng-results ignored="0" total="1" passed="1" failed="0" skipped="0">
  <reporter-output>
  </reporter-output>
  <suite started-at="2025-06-30T17:07:44 IST" name="Default suite" finished-at="2025-06-30T17:09:14 IST" duration-ms="90201">
    <groups>
      <group name="cucumber">
        <method signature="AbstractTestNGCucumberTests.runScenario(io.cucumber.testng.PickleWrapper,io.cucumber.testng.FeatureWrapper)[pri:0, instance:com.Capium.TestRunFiles.Capium_BK_Dashboard_runfile@f79e]" name="runScenario" class="io.cucumber.testng.AbstractTestNGCucumberTests"/>
      </group> <!-- cucumber -->
    </groups>
    <test started-at="2025-06-30T17:07:44 IST" name="Default test" finished-at="2025-06-30T17:09:14 IST" duration-ms="90201">
      <class name="com.Capium.TestRunFiles.Capium_BK_Dashboard_runfile">
        <test-method is-config="true" signature="setUpClass(org.testng.ITestContext)[pri:0, instance:com.Capium.TestRunFiles.Capium_BK_Dashboard_runfile@f79e]" started-at="2025-06-30T17:07:44 IST" name="setUpClass" finished-at="2025-06-30T17:07:46 IST" duration-ms="2469" status="PASS">
          <params>
            <param index="0">
              <value>
                <![CDATA[org.testng.TestRunner@1f408ab6]]>
              </value>
            </param>
          </params>
          <reporter-output>
          </reporter-output>
        </test-method> <!-- setUpClass -->
        <test-method signature="runScenario(io.cucumber.testng.PickleWrapper,io.cucumber.testng.FeatureWrapper)[pri:0, instance:com.Capium.TestRunFiles.Capium_BK_Dashboard_runfile@f79e]" started-at="2025-06-30T17:07:46 IST" name="runScenario" description="Runs Cucumber Scenarios" data-provider="scenarios" finished-at="2025-06-30T17:09:13 IST" duration-ms="87024" status="PASS">
          <params>
            <param index="0">
              <value>
                <![CDATA["Dashboard functionality"]]>
              </value>
            </param>
            <param index="1">
              <value>
                <![CDATA["Bookkeeping dashboard"]]>
              </value>
            </param>
          </params>
          <reporter-output>
          </reporter-output>
        </test-method> <!-- runScenario -->
        <test-method is-config="true" signature="tearDownClass()[pri:0, instance:com.Capium.TestRunFiles.Capium_BK_Dashboard_runfile@f79e]" started-at="2025-06-30T17:09:13 IST" name="tearDownClass" finished-at="2025-06-30T17:09:14 IST" duration-ms="670" status="PASS">
          <reporter-output>
          </reporter-output>
        </test-method> <!-- tearDownClass -->
      </class> <!-- com.Capium.TestRunFiles.Capium_BK_Dashboard_runfile -->
    </test> <!-- Default test -->
  </suite> <!-- Default suite -->
</testng-results>
